<?xml version="1.0" encoding="UTF-8"?>
<!-- Generated by org.testng.reporters.JUnitReportReporter -->
<testsuite skipped="0" hostname="dell" name="com.Test.LoginTest" tests="1" failures="0" timestamp="10 Dec 2020 02:51:50 GMT" time="0.580" errors="0">
  <testcase name="f" time="0.580" classname="com.Test.LoginTest"/>
</testsuite> <!-- com.Test.LoginTest -->
