<?xml version="1.0" encoding="UTF-8"?>
<!-- Generated by org.testng.reporters.JUnitReportReporter -->
<testsuite skipped="0" hostname="dell" name="com.Test.CreateClientTest" tests="1" failures="0" timestamp="10 Dec 2020 02:51:50 GMT" time="15.696" errors="0">
  <testcase name="f" time="15.696" classname="com.Test.CreateClientTest"/>
</testsuite> <!-- com.Test.CreateClientTest -->
